2026-06-13 12:00:42:042 [31merror[39m: [31m❌ MongoDB connection failed: querySrv ECONNREFUSED _mongodb._tcp.cluster0.wlam0fx.mongodb.net[39m
2026-06-13 12:01:46:146 [31merror[39m: [31m❌ MongoDB connection failed: querySrv ECONNREFUSED _mongodb._tcp.cluster0.wlam0fx.mongodb.net[39m
2026-06-13 12:01:52:152 [31merror[39m: [31m❌ MongoDB connection failed: querySrv ECONNREFUSED _mongodb._tcp.cluster0.wlam0fx.mongodb.net[39m
2026-06-13 12:01:54:154 [31merror[39m: [31m❌ MongoDB connection failed: querySrv ECONNREFUSED _mongodb._tcp.cluster0.wlam0fx.mongodb.net[39m
2026-06-13 12:02:42:242 [31merror[39m: [31m❌ MongoDB connection failed: querySrv ECONNREFUSED _mongodb._tcp.cluster0.wlam0fx.mongodb.net[39m
2026-06-13 12:03:33:333 [31merror[39m: [31m❌ MongoDB connection failed: querySrv ECONNREFUSED _mongodb._tcp.cluster0.wlam0fx.mongodb.net[39m
2026-06-13 12:03:55:355 [32minfo[39m: [32m✅ MongoDB Connected: ac-lyyd0db-shard-00-00.wlam0fx.mongodb.net[39m
2026-06-13 12:03:55:355 [32minfo[39m: [32m🚀 Server running in development mode on port 5000[39m
2026-06-13 12:03:55:355 [32minfo[39m: [32m📡 API available at http://localhost:5000/api[39m
2026-06-13 12:03:55:355 [32minfo[39m: [32m❤️  Health check: http://localhost:5000/api/health[39m
2026-06-13 12:05:08:58 [33mwarn[39m: [33mMongoDB disconnected[39m
2026-06-13 12:06:44:644 [31merror[39m: [31m❌ MongoDB connection failed: Could not connect to any servers in your MongoDB Atlas cluster. One common reason is that you're trying to access the database from an IP that isn't whitelisted. Make sure your current IP address is on your Atlas cluster's IP whitelist: https://www.mongodb.com/docs/atlas/security-whitelist/[39m
2026-06-13 12:26:50:2650 [32minfo[39m: [32m✅ MongoDB Connected: ac-lyyd0db-shard-00-00.wlam0fx.mongodb.net[39m
2026-06-13 12:26:50:2650 [32minfo[39m: [32m🚀 Server running in development mode on port 5000[39m
2026-06-13 12:26:50:2650 [32minfo[39m: [32m📡 API available at http://localhost:5000/api[39m
2026-06-13 12:26:50:2650 [32minfo[39m: [32m❤️  Health check: http://localhost:5000/api/health[39m
2026-06-13 12:27:21:2721 [32minfo[39m: [32m✅ MongoDB Connected: ac-lyyd0db-shard-00-00.wlam0fx.mongodb.net[39m
2026-06-13 12:27:59:2759 [32minfo[39m: [32m✅ MongoDB Connected: ac-lyyd0db-shard-00-00.wlam0fx.mongodb.net[39m
2026-06-13 12:30:22:3022 [32minfo[39m: [32m✅ MongoDB Connected: ac-lyyd0db-shard-00-00.wlam0fx.mongodb.net[39m
2026-06-13 12:30:22:3022 [32minfo[39m: [32m🚀 Server running in development mode on port 5000[39m
2026-06-13 12:30:22:3022 [32minfo[39m: [32m📡 API available at http://localhost:5000/api[39m
2026-06-13 12:30:22:3022 [32minfo[39m: [32m❤️  Health check: http://localhost:5000/api/health[39m
2026-06-13 12:31:05:315 [32minfo[39m: [32m✅ MongoDB Connected: ac-lyyd0db-shard-00-00.wlam0fx.mongodb.net[39m
2026-06-13 12:31:21:3121 [32minfo[39m: [32m✅ MongoDB Connected: ac-lyyd0db-shard-00-00.wlam0fx.mongodb.net[39m
2026-06-13 12:31:46:3146 [32minfo[39m: [32m✅ MongoDB Connected: ac-lyyd0db-shard-00-00.wlam0fx.mongodb.net[39m
2026-06-13 12:31:46:3146 [32minfo[39m: [32m🚀 Server running in development mode on port 5000[39m
2026-06-13 12:31:46:3146 [32minfo[39m: [32m📡 API available at http://localhost:5000/api[39m
2026-06-13 12:31:46:3146 [32minfo[39m: [32m❤️  Health check: http://localhost:5000/api/health[39m
2026-06-13 12:31:48:3148 [32minfo[39m: [32m✅ MongoDB Connected: ac-lyyd0db-shard-00-00.wlam0fx.mongodb.net[39m
2026-06-13 12:32:25:3225 [32minfo[39m: [32m✅ MongoDB Connected: ac-lyyd0db-shard-00-00.wlam0fx.mongodb.net[39m
2026-06-13 12:32:25:3225 [32minfo[39m: [32m🚀 Server running in development mode on port 5000[39m
2026-06-13 12:32:25:3225 [32minfo[39m: [32m📡 API available at http://localhost:5000/api[39m
2026-06-13 12:32:25:3225 [32minfo[39m: [32m❤️  Health check: http://localhost:5000/api/health[39m
2026-06-13 13:37:19:3719 [33mwarn[39m: [33mMongoDB disconnected[39m
